Using pre-set license
Built from '2020.3/staging' branch; Version is '2020.3.25f1 (9b9180224418) revision 10195328'; Using compiler version '192528614'; Build Type 'Release'
OS: 'Windows 11  (10.0.22000) 64bit Core' Language: 'fr' Physical Memory: 15755 MB
BatchMode: 1, IsHumanControllingUs: 0, StartBugReporterOnCrash: 0, Is64bit: 1, IsPro: 0

COMMAND LINE ARGUMENTS:
C:\Program Files\Unity\Hub\Editor\2020.3.25f1\Editor\Unity.exe
-adb2
-batchMode
-noUpm
-name
AssetImportWorker0
-projectPath
C:/Users/hugof/sokoban2
-logFile
Logs/AssetImportWorker0.log
-srvPort
55537
Successfully changed project path to: C:/Users/hugof/sokoban2
C:/Users/hugof/sokoban2
Using Asset Import Pipeline V2.
Refreshing native plugins compatible for Editor in 53.03 ms, found 2 plugins.
Preloading 0 native plugins for Editor in 0.00 ms.
Initialize engine version: 2020.3.25f1 (9b9180224418)
[Subsystems] Discovering subsystems at path C:/Program Files/Unity/Hub/Editor/2020.3.25f1/Editor/Data/Resources/UnitySubsystems
[Subsystems] Discovering subsystems at path C:/Users/hugof/sokoban2/Assets
GfxDevice: creating device client; threaded=0
Direct3D:
    Version:  Direct3D 11.0 [level 11.1]
    Renderer: AMD Radeon(TM) Graphics (ID=0x164c)
    Vendor:   
    VRAM:     7877 MB
    Driver:   27.20.14064.3
Initialize mono
Mono path[0] = 'C:/Program Files/Unity/Hub/Editor/2020.3.25f1/Editor/Data/Managed'
Mono path[1] = 'C:/Program Files/Unity/Hub/Editor/2020.3.25f1/Editor/Data/MonoBleedingEdge/lib/mono/unityjit'
Mono config path = 'C:/Program Files/Unity/Hub/Editor/2020.3.25f1/Editor/Data/MonoBleedingEdge/etc'
Using monoOptions --debugger-agent=transport=dt_socket,embedding=1,server=y,suspend=n,address=127.0.0.1:56532
Begin MonoManager ReloadAssembly
Registering precompiled unity dll's ...
Register platform support module: C:/Program Files/Unity/Hub/Editor/2020.3.25f1/Editor/Data/PlaybackEngines/WindowsStandaloneSupport/UnityEditor.WindowsStandalone.Extensions.dll
Registered in 0.001521 seconds.
Native extension for WindowsStandalone target not found
Refreshing native plugins compatible for Editor in 46.00 ms, found 2 plugins.
Preloading 0 native plugins for Editor in 0.00 ms.
Mono: successfully reloaded assembly
- Completed reload, in  0.510 seconds
Domain Reload Profiling:
	ReloadAssembly (511ms)
		BeginReloadAssembly (45ms)
			ExecutionOrderSort (0ms)
			DisableScriptedObjects (0ms)
			BackupInstance (0ms)
			ReleaseScriptingObjects (0ms)
			CreateAndSetChildDomain (1ms)
		EndReloadAssembly (402ms)
			LoadAssemblies (43ms)
			RebuildTransferFunctionScriptingTraits (0ms)
			SetupTypeCache (127ms)
			ReleaseScriptCaches (0ms)
			RebuildScriptCaches (28ms)
			SetupLoadedEditorAssemblies (159ms)
				LogAssemblyErrors (0ms)
				InitializePlatformSupportModulesInManaged (4ms)
				SetLoadedEditorAssemblies (0ms)
				RefreshPlugins (46ms)
				BeforeProcessingInitializeOnLoad (9ms)
				ProcessInitializeOnLoadAttributes (73ms)
				ProcessInitializeOnLoadMethodAttributes (27ms)
				AfterProcessingInitializeOnLoad (0ms)
				EditorAssembliesLoaded (0ms)
			ExecutionOrderSort2 (0ms)
			AwakeInstancesAfterBackupRestoration (0ms)
Platform modules already initialized, skipping
Registering precompiled user dll's ...
Registered in 0.005073 seconds.
Begin MonoManager ReloadAssembly
Native extension for WindowsStandalone target not found
Refreshing native plugins compatible for Editor in 0.72 ms, found 2 plugins.
Preloading 0 native plugins for Editor in 0.00 ms.
Mono: successfully reloaded assembly
- Completed reload, in  0.960 seconds
Domain Reload Profiling:
	ReloadAssembly (961ms)
		BeginReloadAssembly (126ms)
			ExecutionOrderSort (0ms)
			DisableScriptedObjects (4ms)
			BackupInstance (0ms)
			ReleaseScriptingObjects (0ms)
			CreateAndSetChildDomain (20ms)
		EndReloadAssembly (778ms)
			LoadAssemblies (81ms)
			RebuildTransferFunctionScriptingTraits (0ms)
			SetupTypeCache (248ms)
			ReleaseScriptCaches (1ms)
			RebuildScriptCaches (43ms)
			SetupLoadedEditorAssemblies (328ms)
				LogAssemblyErrors (0ms)
				InitializePlatformSupportModulesInManaged (4ms)
				SetLoadedEditorAssemblies (0ms)
				RefreshPlugins (1ms)
				BeforeProcessingInitializeOnLoad (63ms)
				ProcessInitializeOnLoadAttributes (212ms)
				ProcessInitializeOnLoadMethodAttributes (42ms)
				AfterProcessingInitializeOnLoad (5ms)
				EditorAssembliesLoaded (0ms)
			ExecutionOrderSort2 (0ms)
			AwakeInstancesAfterBackupRestoration (5ms)
Platform modules already initialized, skipping
========================================================================
Worker process is ready to serve import requests
Launched and connected shader compiler UnityShaderCompiler.exe after 0.04 seconds
Refreshing native plugins compatible for Editor in 0.75 ms, found 2 plugins.
Preloading 0 native plugins for Editor in 0.00 ms.
Unloading 2126 Unused Serialized files (Serialized files now loaded: 0)
System memory in use before: 84.6 MB.
System memory in use after: 84.7 MB.

Unloading 58 unused Assets to reduce memory usage. Loaded Objects now: 2529.
Total: 6.220400 ms (FindLiveObjects: 0.275400 ms CreateObjectMapping: 0.104200 ms MarkObjects: 5.742400 ms  DeleteObjects: 0.096300 ms)

AssetImportParameters requested are different than current active one (requested -> active):
  custom:framework-win-MediaFoundation: 216162199b28c13a410421893ffa2e32 -> 
  custom:video-decoder-ogg-theora: a1e56fd34408186e4bbccfd4996cb3dc -> 
  custom:container-muxer-webm: aa71ff27fc2769a1b78a27578f13a17b -> 
  custom:container-demuxer-webm: 4f35f7cbe854078d1ac9338744f61a02 -> 
  custom:container-demuxer-ogg: 62fdf1f143b41e24485cea50d1cbac27 -> 
  custom:video-encoder-webm-vp8: eb34c28f22e8b96e1ab97ce403110664 -> 
  custom:video-decoder-webm-vp8: 9c59270c3fd7afecdb556c50c9e8de78 -> 
  custom:audio-decoder-ogg-vorbis: bf7c407c2cedff20999df2af8eb42d56 -> 
  custom:audio-encoder-webm-vorbis: bf7c407c2cedff20999df2af8eb42d56 -> 
========================================================================
Received Import Request.
  path: Assets/Prefabs
  artifactKey: Guid(8ff05e10aa02d4712bf4f879d558b5d6) Importer(815301076,1909f56bfc062723c751e8b465ee728b)
Start importing Assets/Prefabs using Guid(8ff05e10aa02d4712bf4f879d558b5d6) Importer(815301076,1909f56bfc062723c751e8b465ee728b)  -> (artifact id: '77e75d8b7b85ea6cfdebeebb197fcf6a') in 0.008205 seconds 
  Import took 0.011749 seconds .

========================================================================
Received Import Request.
  Time since last request: 0.000715 seconds.
  path: Assets/Prefabs/Character.prefab
  artifactKey: Guid(bb763a3f1ec34411d88b677c7dca9231) Importer(815301076,1909f56bfc062723c751e8b465ee728b)
Start importing Assets/Prefabs/Character.prefab using Guid(bb763a3f1ec34411d88b677c7dca9231) Importer(815301076,1909f56bfc062723c751e8b465ee728b)  -> (artifact id: '31c929532590eb30e8af3ddfde6c8668') in 0.089633 seconds 
  Import took 0.092763 seconds .

========================================================================
Received Import Request.
  Time since last request: 0.000496 seconds.
  path: Assets/Prefabs/Box.prefab
  artifactKey: Guid(ee318fab2f5944d29805ee2db7464618) Importer(815301076,1909f56bfc062723c751e8b465ee728b)
Start importing Assets/Prefabs/Box.prefab using Guid(ee318fab2f5944d29805ee2db7464618) Importer(815301076,1909f56bfc062723c751e8b465ee728b)  -> (artifact id: 'd64f01ff6ba7a082664a57c7f7e12f72') in 0.012246 seconds 
  Import took 0.016018 seconds .

========================================================================
Received Import Request.
  Time since last request: 0.000506 seconds.
  path: Assets/Prefabs/Box_end.prefab
  artifactKey: Guid(93a29b21db0c84fdd8f8b488884e9578) Importer(815301076,1909f56bfc062723c751e8b465ee728b)
Start importing Assets/Prefabs/Box_end.prefab using Guid(93a29b21db0c84fdd8f8b488884e9578) Importer(815301076,1909f56bfc062723c751e8b465ee728b)  -> (artifact id: 'bec39da01313dac84b5b4b7f1ead257b') in 0.012749 seconds 
  Import took 0.016774 seconds .

========================================================================
Received Import Request.
  Time since last request: 0.000602 seconds.
  path: Assets/Prefabs/End.prefab
  artifactKey: Guid(48e1fd9e11bf9459abbb7492b49ee969) Importer(815301076,1909f56bfc062723c751e8b465ee728b)
Start importing Assets/Prefabs/End.prefab using Guid(48e1fd9e11bf9459abbb7492b49ee969) Importer(815301076,1909f56bfc062723c751e8b465ee728b)  -> (artifact id: '8d742ce87a7a04b02c6f1eeb5002de2d') in 0.013440 seconds 
  Import took 0.017112 seconds .

========================================================================
Received Import Request.
  Time since last request: 0.000729 seconds.
  path: Assets/Prefabs/Wall.prefab
  artifactKey: Guid(715b771e9238346aebda2590b61dd03c) Importer(815301076,1909f56bfc062723c751e8b465ee728b)
Start importing Assets/Prefabs/Wall.prefab using Guid(715b771e9238346aebda2590b61dd03c) Importer(815301076,1909f56bfc062723c751e8b465ee728b)  -> (artifact id: 'a0a82d4bfe6def2c568e0e45d9945362') in 0.014697 seconds 
  Import took 0.018662 seconds .

========================================================================
Received Import Request.
  Time since last request: 0.000888 seconds.
  path: Assets/Prefabs/Ground.prefab
  artifactKey: Guid(8262c2b98b28348d1a9d5f90584b2595) Importer(815301076,1909f56bfc062723c751e8b465ee728b)
Start importing Assets/Prefabs/Ground.prefab using Guid(8262c2b98b28348d1a9d5f90584b2595) Importer(815301076,1909f56bfc062723c751e8b465ee728b)  -> (artifact id: '8b3e69fdbafe84b607cba970cd690ede') in 0.010590 seconds 
  Import took 0.015327 seconds .

========================================================================
Received Import Request.
  Time since last request: 247.604955 seconds.
  path: Assets/Resources
  artifactKey: Guid(53ace5b71fb524514be74608d22e9bb4) Importer(815301076,1909f56bfc062723c751e8b465ee728b)
Start importing Assets/Resources using Guid(53ace5b71fb524514be74608d22e9bb4) Importer(815301076,1909f56bfc062723c751e8b465ee728b)  -> (artifact id: 'aa0cb3e97ba644a7648e3b9938f8f356') in 0.003259 seconds 
  Import took 0.007096 seconds .

========================================================================
Received Import Request.
  Time since last request: 1.399269 seconds.
  path: Assets/Scripts
  artifactKey: Guid(24ce993d66f714f468ca54cad34854d4) Importer(815301076,1909f56bfc062723c751e8b465ee728b)
Start importing Assets/Scripts using Guid(24ce993d66f714f468ca54cad34854d4) Importer(815301076,1909f56bfc062723c751e8b465ee728b)  -> (artifact id: '65ab45376523e3e44d95d43f425ab402') in 0.003526 seconds 
  Import took 0.007096 seconds .

========================================================================
Received Import Request.
  Time since last request: 1.358289 seconds.
  path: Assets/Scripts/Box.cs
  artifactKey: Guid(ee99c7e34229e47eb9700acaf19273fc) Importer(815301076,1909f56bfc062723c751e8b465ee728b)
Start importing Assets/Scripts/Box.cs using Guid(ee99c7e34229e47eb9700acaf19273fc) Importer(815301076,1909f56bfc062723c751e8b465ee728b)  -> (artifact id: '2316c0e7ea16f1131578adc27fae9c2e') in 0.004117 seconds 
  Import took 0.007602 seconds .

========================================================================
Received Import Request.
  Time since last request: 38.904070 seconds.
  path: Assets/Textures/Box.png
  artifactKey: Guid(d0fcac4ec42b343afa930006233ad03c) Importer(815301076,1909f56bfc062723c751e8b465ee728b)
Start importing Assets/Textures/Box.png using Guid(d0fcac4ec42b343afa930006233ad03c) Importer(815301076,1909f56bfc062723c751e8b465ee728b)  -> (artifact id: 'f4436300efb87a80199508065032033e') in 0.072316 seconds 
  Import took 0.076164 seconds .

========================================================================
Received Import Request.
  Time since last request: 0.000559 seconds.
  path: Assets/Textures/Ground.png
  artifactKey: Guid(b66daf367672640b2878a130acf7a82e) Importer(815301076,1909f56bfc062723c751e8b465ee728b)
Start importing Assets/Textures/Ground.png using Guid(b66daf367672640b2878a130acf7a82e) Importer(815301076,1909f56bfc062723c751e8b465ee728b)  -> (artifact id: 'ce607df679139f36bf13ffaebd53706d') in 0.014469 seconds 
  Import took 0.018349 seconds .

========================================================================
Received Import Request.
  Time since last request: 0.000483 seconds.
  path: Assets/Textures/Box_end.png
  artifactKey: Guid(7fb9f13692f8346af9018979675ae57a) Importer(815301076,1909f56bfc062723c751e8b465ee728b)
Start importing Assets/Textures/Box_end.png using Guid(7fb9f13692f8346af9018979675ae57a) Importer(815301076,1909f56bfc062723c751e8b465ee728b)  -> (artifact id: '1a6d8a86c2d198fb7c4ff7526cd539a1') in 0.013284 seconds 
  Import took 0.017134 seconds .

========================================================================
Received Import Request.
  Time since last request: 0.000549 seconds.
  path: Assets/Textures/Wall.png
  artifactKey: Guid(baba5bb746c474b51b366dcaeb125520) Importer(815301076,1909f56bfc062723c751e8b465ee728b)
Start importing Assets/Textures/Wall.png using Guid(baba5bb746c474b51b366dcaeb125520) Importer(815301076,1909f56bfc062723c751e8b465ee728b)  -> (artifact id: 'c984125b438bedb20070e95a85aabee0') in 0.012808 seconds 
  Import took 0.016580 seconds .

========================================================================
Received Import Request.
  Time since last request: 0.000432 seconds.
  path: Assets/Textures/Character.png
  artifactKey: Guid(1ab26333acd504c48bef1a26a4822dda) Importer(815301076,1909f56bfc062723c751e8b465ee728b)
Start importing Assets/Textures/Character.png using Guid(1ab26333acd504c48bef1a26a4822dda) Importer(815301076,1909f56bfc062723c751e8b465ee728b)  -> (artifact id: 'bcbabd35989b9ddea5a91ba21a5515e3') in 0.015477 seconds 
  Import took 0.019162 seconds .

========================================================================
Received Import Request.
  Time since last request: 0.000555 seconds.
  path: Assets/Textures/End.png
  artifactKey: Guid(0b90720156e1e4109adbd653a0d4c5fd) Importer(815301076,1909f56bfc062723c751e8b465ee728b)
Start importing Assets/Textures/End.png using Guid(0b90720156e1e4109adbd653a0d4c5fd) Importer(815301076,1909f56bfc062723c751e8b465ee728b)  -> (artifact id: 'f77ce2e5b6acfd956f75663e973ef1bc') in 0.013609 seconds 
  Import took 0.018121 seconds .

========================================================================
Received Prepare
Registering precompiled user dll's ...
Registered in 0.004388 seconds.
Begin MonoManager ReloadAssembly
Native extension for WindowsStandalone target not found
Refreshing native plugins compatible for Editor in 0.90 ms, found 2 plugins.
Preloading 0 native plugins for Editor in 0.00 ms.
Mono: successfully reloaded assembly
- Completed reload, in  0.905 seconds
Domain Reload Profiling:
	ReloadAssembly (905ms)
		BeginReloadAssembly (99ms)
			ExecutionOrderSort (0ms)
			DisableScriptedObjects (5ms)
			BackupInstance (0ms)
			ReleaseScriptingObjects (0ms)
			CreateAndSetChildDomain (34ms)
		EndReloadAssembly (748ms)
			LoadAssemblies (77ms)
			RebuildTransferFunctionScriptingTraits (0ms)
			SetupTypeCache (247ms)
			ReleaseScriptCaches (1ms)
			RebuildScriptCaches (41ms)
			SetupLoadedEditorAssemblies (295ms)
				LogAssemblyErrors (0ms)
				InitializePlatformSupportModulesInManaged (4ms)
				SetLoadedEditorAssemblies (0ms)
				RefreshPlugins (1ms)
				BeforeProcessingInitializeOnLoad (60ms)
				ProcessInitializeOnLoadAttributes (190ms)
				ProcessInitializeOnLoadMethodAttributes (34ms)
				AfterProcessingInitializeOnLoad (6ms)
				EditorAssembliesLoaded (0ms)
			ExecutionOrderSort2 (0ms)
			AwakeInstancesAfterBackupRestoration (6ms)
Platform modules already initialized, skipping
Refreshing native plugins compatible for Editor in 0.74 ms, found 2 plugins.
Preloading 0 native plugins for Editor in 0.00 ms.
Unloading 2120 Unused Serialized files (Serialized files now loaded: 0)
System memory in use before: 87.4 MB.
System memory in use after: 87.5 MB.

Unloading 49 unused Assets to reduce memory usage. Loaded Objects now: 2541.
Total: 6.951900 ms (FindLiveObjects: 0.213400 ms CreateObjectMapping: 0.056000 ms MarkObjects: 6.632200 ms  DeleteObjects: 0.048100 ms)

AssetImportParameters requested are different than current active one (requested -> active):
  custom:framework-win-MediaFoundation: 216162199b28c13a410421893ffa2e32 -> 
  custom:video-decoder-ogg-theora: a1e56fd34408186e4bbccfd4996cb3dc -> 
  custom:container-muxer-webm: aa71ff27fc2769a1b78a27578f13a17b -> 
  custom:container-demuxer-webm: 4f35f7cbe854078d1ac9338744f61a02 -> 
  custom:container-demuxer-ogg: 62fdf1f143b41e24485cea50d1cbac27 -> 
  custom:video-encoder-webm-vp8: eb34c28f22e8b96e1ab97ce403110664 -> 
  custom:video-decoder-webm-vp8: 9c59270c3fd7afecdb556c50c9e8de78 -> 
  custom:audio-decoder-ogg-vorbis: bf7c407c2cedff20999df2af8eb42d56 -> 
  custom:audio-encoder-webm-vorbis: bf7c407c2cedff20999df2af8eb42d56 -> 
